Arguments: 
  /usr/local/bin/node /opt/yarn-v1.22.5/bin/yarn.js add @fontawesome/fontawesome-free

PATH: 
  /home/anhack/anaconda3/bin:/home/anhack/anaconda3/condabin:/home/anhack/.local/bin:/usr/local/sbin:/usr/local/bin:/usr/sbin:/usr/bin:/sbin:/bin:/usr/games:/usr/local/games:/snap/bin:/opt/yarn-v1.22.5/bin

Yarn version: 
  1.22.5

Node version: 
  14.17.0

Platform: 
  linux x64

Trace: 
  Error: https://registry.yarnpkg.com/@fontawesome%2ffontawesome-free: Not found
      at Request.params.callback [as _callback] (/opt/yarn-v1.22.5/lib/cli.js:66988:18)
      at Request.self.callback (/opt/yarn-v1.22.5/lib/cli.js:140749:22)
      at Request.emit (events.js:376:20)
      at Request.<anonymous> (/opt/yarn-v1.22.5/lib/cli.js:141721:10)
      at Request.emit (events.js:376:20)
      at IncomingMessage.<anonymous> (/opt/yarn-v1.22.5/lib/cli.js:141643:12)
      at Object.onceWrapper (events.js:482:28)
      at IncomingMessage.emit (events.js:388:22)
      at endReadableNT (internal/streams/readable.js:1336:12)
      at processTicksAndRejections (internal/process/task_queues.js:82:21)

npm manifest: 
  {
    "repository": {},
    "description": " ",
    "license": "MIT",
    "scripts": {
      "deploy": "webpack --mode production",
      "watch": "webpack --mode development --watch"
    },
    "dependencies": {
      "phoenix": "file:../deps/phoenix",
      "phoenix_html": "file:../deps/phoenix_html",
      "phoenix_live_view": "file:../deps/phoenix_live_view",
      "topbar": "^0.1.4"
    },
    "devDependencies": {
      "@babel/core": "^7.0.0",
      "@babel/preset-env": "^7.0.0",
      "babel-loader": "^8.0.0",
      "copy-webpack-plugin": "^5.1.1",
      "css-loader": "^3.4.2",
      "hard-source-webpack-plugin": "^0.13.1",
      "mini-css-extract-plugin": "^0.9.0",
      "node-sass": "^4.13.1",
      "optimize-css-assets-webpack-plugin": "^5.0.1",
      "sass-loader": "^8.0.2",
      "terser-webpack-plugin": "^2.3.2",
      "webpack": "^4.41.5",
      "webpack-cli": "^3.3.2"
    }
  }

yarn manifest: 
  No manifest

Lockfile: 
  No lockfile
